<?xml version="1.0" encoding="UTF-8"?>
<!-- Generated by org.testng.reporters.JUnitXMLReporter -->
<testsuite ignored="0" hostname="RHARISHs-MacBook-Air.local" failures="0" tests="5" name="Default test" time="13.244" errors="0" timestamp="2022-11-17T20:13:46 IST">
  <testcase classname="com.amazonTestNG.TEstNG" name="browserLaunch" time="2.426"/>
  <testcase classname="com.amazonTestNG.TEstNG" name="url" time="3.628"/>
  <testcase classname="com.amazonTestNG.TEstNG" name="searchDrop" time="1.09"/>
  <testcase classname="com.amazonTestNG.TEstNG" name="search" time="0.177"/>
  <testcase classname="com.amazonTestNG.TEstNG" name="text" time="5.845"/>
</testsuite> <!-- Default test -->
