<?xml version="1.0" encoding="UTF-8"?>
<testng-results ignored="0" total="5" passed="5" failed="0" skipped="0">
  <reporter-output>
  </reporter-output>
  <suite started-at="2022-11-17T20:13:28 IST" name="Default suite" finished-at="2022-11-17T20:13:41 IST" duration-ms="13244">
    <groups>
    </groups>
    <test started-at="2022-11-17T20:13:28 IST" name="Default test" finished-at="2022-11-17T20:13:41 IST" duration-ms="13244">
      <class name="com.amazonTestNG.TEstNG">
        <test-method signature="browserLaunch()[pri:-1, instance:com.amazonTestNG.TEstNG@2fd6b6c7]" started-at="2022-11-17T20:13:28 IST" name="browserLaunch" finished-at="2022-11-17T20:13:30 IST" duration-ms="2426" status="PASS">
          <reporter-output>
          </reporter-output>
        </test-method> <!-- browserLaunch -->
        <test-method signature="url()[pri:0, instance:com.amazonTestNG.TEstNG@2fd6b6c7]" started-at="2022-11-17T20:13:30 IST" name="url" finished-at="2022-11-17T20:13:34 IST" duration-ms="3628" status="PASS">
          <reporter-output>
          </reporter-output>
        </test-method> <!-- url -->
        <test-method signature="searchDrop()[pri:0, instance:com.amazonTestNG.TEstNG@2fd6b6c7]" started-at="2022-11-17T20:13:34 IST" name="searchDrop" finished-at="2022-11-17T20:13:35 IST" depends-on-methods="com.amazonTestNG.TEstNG.url" duration-ms="1090" status="PASS">
          <reporter-output>
          </reporter-output>
        </test-method> <!-- searchDrop -->
        <test-method signature="search()[pri:1, instance:com.amazonTestNG.TEstNG@2fd6b6c7]" started-at="2022-11-17T20:13:35 IST" name="search" finished-at="2022-11-17T20:13:35 IST" duration-ms="177" status="PASS">
          <reporter-output>
          </reporter-output>
        </test-method> <!-- search -->
        <test-method signature="text()[pri:0, instance:com.amazonTestNG.TEstNG@2fd6b6c7]" started-at="2022-11-17T20:13:35 IST" name="text" finished-at="2022-11-17T20:13:41 IST" depends-on-methods="com.amazonTestNG.TEstNG.search" duration-ms="5845" status="PASS">
          <reporter-output>
          </reporter-output>
        </test-method> <!-- text -->
      </class> <!-- com.amazonTestNG.TEstNG -->
    </test> <!-- Default test -->
  </suite> <!-- Default suite -->
</testng-results>
